Execute Anonymous: String externalId = 'IM-811-TEST-' + DateTime.now().getTime();
Execute Anonymous:     System.debug('IM-811 INSERT_OK Id=' + fda.Id);
Execute Anonymous:     System.debug('IM-811 READBACK_Donated_Amount=' + rb.Auctifera__Donated_Amount__c);
Execute Anonymous:     System.debug('IM-811 READBACK_Status=' + rb.Auctifera__Status__c);
Execute Anonymous:     System.debug('IM-811 READBACK_Accounting_Status=' + rb.Auctifera__Accounting_Status__c);
Execute Anonymous:     System.debug('IM-811 READBACK_Specific_Fund=' + rb.Auctifera__Specific_Fund__c);
Execute Anonymous:     System.debug('IM-811 READBACK_Posted_Date=' + rb.Auctifera__Posted_Date__c);
Execute Anonymous:     System.debug('IM-811 READBACK_Opportunity=' + rb.vnfp__Opportunity__c);
Execute Anonymous:     System.debug('IM-811 READBACK_POS_Purchase=' + rb.vnfp__Opportunity_POS_Purchase__c);
Execute Anonymous:     System.debug('IM-811 READBACK_LookUp_ID_Legacy=' + rb.Auctifera__LookUp_ID_Legacy__c);
Execute Anonymous:     System.debug('IM-811 READBACK_Acknowledgment_Status=' + rb.vnfp__Acknowledgment_Status__c);
Execute Anonymous:     System.debug('IM-811 READBACK_External_ID=' + rb.Auctifera__Implementation_External_ID__c);
Execute Anonymous:     System.debug('IM-811 ERROR ' + e.getTypeName() + ': ' + e.getMessage());
Execute Anonymous:     System.debug('IM-811 ROLLBACK_DONE');
Execute Anonymous: System.debug('IM-811 RESIDUE_CHECK remaining=' + remaining);
17:47:56.92 (92781661)|EXECUTION_STARTED
17:47:56.92 (670922469)|USER_DEBUG|[16]|DEBUG|IM-811 INSERT_OK Id=a1sWI000005ietJYAQ
17:47:56.92 (681735570)|USER_DEBUG|[27]|DEBUG|IM-811 READBACK_Donated_Amount=-64.00
17:47:56.92 (681776778)|USER_DEBUG|[28]|DEBUG|IM-811 READBACK_Status=Refunded
17:47:56.92 (681795479)|USER_DEBUG|[29]|DEBUG|IM-811 READBACK_Accounting_Status=Posted
17:47:56.92 (681827892)|USER_DEBUG|[30]|DEBUG|IM-811 READBACK_Specific_Fund=a35WI000000kj98YAA
17:47:56.92 (681859967)|USER_DEBUG|[31]|DEBUG|IM-811 READBACK_Posted_Date=2017-06-22 00:00:00
17:47:56.92 (681889287)|USER_DEBUG|[32]|DEBUG|IM-811 READBACK_Opportunity=006WI00000MCRPZYA5
17:47:56.92 (681900002)|USER_DEBUG|[33]|DEBUG|IM-811 READBACK_POS_Purchase=null
17:47:56.92 (681909466)|USER_DEBUG|[34]|DEBUG|IM-811 READBACK_LookUp_ID_Legacy=null
17:47:56.92 (681925403)|USER_DEBUG|[35]|DEBUG|IM-811 READBACK_Acknowledgment_Status=Acknowledged
17:47:56.92 (681939613)|USER_DEBUG|[36]|DEBUG|IM-811 READBACK_External_ID=IM-811-TEST-1780613276134
17:47:56.92 (683791998)|USER_DEBUG|[41]|DEBUG|IM-811 ROLLBACK_DONE
17:47:56.92 (696585051)|USER_DEBUG|[45]|DEBUG|IM-811 RESIDUE_CHECK remaining=0
17:47:56.92 (696770564)|EXECUTION_FINISHED
